#
# There is insufficient memory for the Java Runtime Environment to continue.
# Native memory allocation (malloc) failed to allocate 182496 bytes for Chunk::new
# Possible reasons:
#   The system is out of physical RAM or swap space
#   The process is running with CompressedOops enabled, and the Java Heap may be blocking the growth of the native heap
# Possible solutions:
#   Reduce memory load on the system
#   Increase physical memory or swap space
#   Check if swap backing store is full
#   Decrease Java heap size (-Xmx/-Xms)
#   Decrease number of Java threads
#   Decrease Java thread stack sizes (-Xss)
#   Set larger code cache with -XX:ReservedCodeCacheSize=
#   JVM is running with Unscaled Compressed Oops mode in which the Java heap is
#     placed in the first 4GB address space. The Java Heap base address is the
#     maximum limit for the native heap growth. Please use -XX:HeapBaseMinAddress
#     to set the Java Heap base and to place the Java Heap above 4GB virtual address.
# This output file may be truncated or incomplete.
#
#  Out of Memory Error (allocation.cpp:389), pid=27132, tid=0x000000000000b714
#
# JRE version: Java(TM) SE Runtime Environment (8.0_221-b11) (build 1.8.0_221-b11)
# Java VM: Java HotSpot(TM) 64-Bit Server VM (25.221-b11 mixed mode windows-amd64 compressed oops)
# Failed to write core dump. Minidumps are not enabled by default on client versions of Windows
#

---------------  T H R E A D  ---------------

Current thread (0x0000000016171000):  JavaThread "C2 CompilerThread0" daemon [_thread_in_native, id=46868, stack(0x0000000016a40000,0x0000000016b40000)]

Stack: [0x0000000016a40000,0x0000000016b40000]
[error occurred during error reporting (printing stack bounds), id 0xc0000005]

Native frames: (J=compiled Java code, j=interpreted, Vv=VM code, C=native code)


Current CompileTask:
C2:   9844 1398   !   4       java.lang.ClassLoader::loadClass (122 bytes)


---------------  P R O C E S S  ---------------

Java Threads: ( => current thread )
  0x0000000017b55800 JavaThread "Thread-9" [_thread_blocked, id=44844, stack(0x0000000019a50000,0x0000000019b50000)]
  0x0000000017b4d000 JavaThread "Stdin handler" [_thread_blocked, id=19864, stack(0x0000000019950000,0x0000000019a50000)]
  0x000000001642a800 JavaThread "Asynchronous log dispatcher for DefaultDaemonConnection: socket connection from /127.0.0.1:63780 to /127.0.0.1:63781" [_thread_blocked, id=40236, stack(0x0000000019850000,0x0000000019950000)]
  0x0000000016428800 JavaThread "Daemon worker" [_thread_in_native, id=33808, stack(0x0000000019750000,0x0000000019850000)]
  0x0000000016427800 JavaThread "Cancel handler" [_thread_blocked, id=32188, stack(0x0000000019650000,0x0000000019750000)]
  0x000000001786a000 JavaThread "Handler for socket connection from /127.0.0.1:63780 to /127.0.0.1:63781" [_thread_in_native, id=25936, stack(0x0000000019250000,0x0000000019350000)]
  0x0000000017869800 JavaThread "Daemon" [_thread_blocked, id=48260, stack(0x0000000019150000,0x0000000019250000)]
  0x00000000163cb800 JavaThread "Daemon periodic checks" [_thread_blocked, id=14868, stack(0x0000000019050000,0x0000000019150000)]
  0x0000000018731800 JavaThread "Incoming local TCP Connector on port 63780" [_thread_in_native, id=37664, stack(0x0000000018e10000,0x0000000018f10000)]
  0x00000000163ed800 JavaThread "Daemon health stats" [_thread_blocked, id=40696, stack(0x0000000018b10000,0x0000000018c10000)]
  0x00000000161b8800 JavaThread "Service Thread" daemon [_thread_blocked, id=45580, stack(0x0000000016e40000,0x0000000016f40000)]
  0x000000001617d000 JavaThread "C1 CompilerThread3" daemon [_thread_blocked, id=36548, stack(0x0000000016d40000,0x0000000016e40000)]
  0x0000000016176000 JavaThread "C2 CompilerThread2" daemon [_thread_blocked, id=6540, stack(0x0000000016c40000,0x0000000016d40000)]
  0x0000000016173000 JavaThread "C2 CompilerThread1" daemon [_thread_in_native, id=45872, stack(0x0000000016b40000,0x0000000016c40000)]
=>0x0000000016171000 JavaThread "C2 CompilerThread0" daemon [_thread_in_native, id=46868, stack(0x0000000016a40000,0x0000000016b40000)]
  0x000000001616a000 JavaThread "Attach Listener" daemon [_thread_blocked, id=42024, stack(0x0000000016940000,0x0000000016a40000)]
  0x000000001438e800 JavaThread "Signal Dispatcher" daemon [_thread_blocked, id=49404, stack(0x0000000016840000,0x0000000016940000)]
  0x0000000002bb9800 JavaThread "Finalizer" daemon [_thread_blocked, id=13872, stack(0x0000000016640000,0x0000000016740000)]
  0x0000000002bb6000 JavaThread "Reference Handler" daemon [_thread_blocked, id=7032, stack(0x0000000016540000,0x0000000016640000)]
  0x0000000002ac2800 JavaThread "main" [_thread_blocked, id=8468, stack(0x00000000028f0000,0x00000000029f0000)]

Other Threads:
  0x0000000014379800 VMThread [stack: 0x0000000016040000,0x0000000016140000] [id=26312]
  0x00000000161bc000 WatcherThread [stack: 0x0000000017040000,0x0000000017140000] [id=31868]

VM state:not at safepoint (normal execution)

VM Mutex/Monitor currently owned by a thread: None

heap address: 0x00000000e0000000, size: 512 MB, Compressed Oops mode: 32-bit
Narrow klass base: 0x0000000000000000, Narrow klass shift: 3
Compressed class space size: 1073741824 Address: 0x0000000100000000

Heap:
 PSYoungGen      total 76288K, used 50776K [0x00000000f5580000, 0x00000000faa80000, 0x0000000100000000)
  eden space 65536K, 68% used [0x00000000f5580000,0x00000000f811e690,0x00000000f9580000)
  from space 10752K, 56% used [0x00000000f9580000,0x00000000f9b77c98,0x00000000fa000000)
  to   space 10752K, 0% used [0x00000000fa000000,0x00000000fa000000,0x00000000faa80000)
 ParOldGen       total 175104K, used 8K [0x00000000e0000000, 0x00000000eab00000, 0x00000000f5580000)
  object space 175104K, 0% used [0x00000000e0000000,0x00000000e0002000,0x00000000eab00000)
 Metaspace       used 12761K, capacity 13076K, committed 13184K, reserved 1060864K
  class space    used 1791K, capacity 1912K, committed 1920K, reserved 1048576K

Card table byte_map: [0x0000000011f80000,0x0000000012090000] byte_map_base: 0x0000000011880000

Marking Bits: (ParMarkBitMap*) 0x0000000062af5ce0
 Begin Bits: [0x0000000012890000, 0x0000000013090000)
 End Bits:   [0x0000000013090000, 0x0000000013890000)

Polling page: 0x0000000000cc0000

CodeCache: size=245760Kb used=4936Kb max_used=4943Kb free=240823Kb
 bounds [0x0000000002bc0000, 0x00000000030a0000, 0x0000000011bc0000]
 total_blobs=1766 nmethods=1389 adapters=289
 compilation: enabled

Compilation events (10 events):
Event: 9.825 Thread 0x000000001617d000 nmethod 1403 0x0000000002cccd90 code [0x0000000002cccee0, 0x0000000002cccff0]
Event: 9.826 Thread 0x000000001617d000 1401       1       java.util.LinkedList::size (5 bytes)
Event: 9.826 Thread 0x000000001617d000 nmethod 1401 0x0000000002ce3c50 code [0x0000000002ce3da0, 0x0000000002ce3eb0]
Event: 9.826 Thread 0x000000001617d000 1405       1       java.util.concurrent.locks.AbstractOwnableSynchronizer::getExclusiveOwnerThread (5 bytes)
Event: 9.826 Thread 0x000000001617d000 nmethod 1405 0x00000000030966d0 code [0x0000000003096820, 0x0000000003096930]
Event: 9.828 Thread 0x000000001617d000 1406       3       org.gradle.internal.service.ReflectionBasedServiceMethod::<init> (16 bytes)
Event: 9.828 Thread 0x0000000016176000 nmethod 1404 0x0000000002cd1650 code [0x0000000002cd17c0, 0x0000000002cd19e8]
Event: 9.829 Thread 0x000000001617d000 nmethod 1406 0x0000000002d02490 code [0x0000000002d02640, 0x0000000002d02c48]
Event: 9.829 Thread 0x000000001617d000 1407       3       org.gradle.internal.reflect.JavaMethod::of (10 bytes)
Event: 9.830 Thread 0x000000001617d000 nmethod 1407 0x0000000002cc0310 code [0x0000000002cc04c0, 0x0000000002cc09d8]

GC Heap History (2 events):
Event: 5.258 GC heap before
{Heap before GC invocations=1 (full 0):
 PSYoungGen      total 76288K, used 65536K [0x00000000f5580000, 0x00000000faa80000, 0x0000000100000000)
  eden space 65536K, 100% used [0x00000000f5580000,0x00000000f9580000,0x00000000f9580000)
  from space 10752K, 0% used [0x00000000fa000000,0x00000000fa000000,0x00000000faa80000)
  to   space 10752K, 0% used [0x00000000f9580000,0x00000000f9580000,0x00000000fa000000)
 ParOldGen       total 175104K, used 0K [0x00000000e0000000, 0x00000000eab00000, 0x00000000f5580000)
  object space 175104K, 0% used [0x00000000e0000000,0x00000000e0000000,0x00000000eab00000)
 Metaspace       used 8009K, capacity 8202K, committed 8320K, reserved 1056768K
  class space    used 998K, capacity 1073K, committed 1152K, reserved 1048576K
Event: 5.282 GC heap after
Heap after GC invocations=1 (full 0):
 PSYoungGen      total 76288K, used 6111K [0x00000000f5580000, 0x00000000faa80000, 0x0000000100000000)
  eden space 65536K, 0% used [0x00000000f5580000,0x00000000f5580000,0x00000000f9580000)
  from space 10752K, 56% used [0x00000000f9580000,0x00000000f9b77c98,0x00000000fa000000)
  to   space 10752K, 0% used [0x00000000fa000000,0x00000000fa000000,0x00000000faa80000)
 ParOldGen       total 175104K, used 8K [0x00000000e0000000, 0x00000000eab00000, 0x00000000f5580000)
  object space 175104K, 0% used [0x00000000e0000000,0x00000000e0002000,0x00000000eab00000)
 Metaspace       used 8009K, capacity 8202K, committed 8320K, reserved 1056768K
  class space    used 998K, capacity 1073K, committed 1152K, reserved 1048576K
}

Deoptimization events (10 events):
Event: 6.093 Thread 0x0000000002ac2800 Uncommon trap: reason=unstable_if action=reinterpret pc=0x0000000002e40984 method=java.util.HashMap.getNode(ILjava/lang/Object;)Ljava/util/HashMap$Node; @ 129
Event: 6.093 Thread 0x0000000002ac2800 Uncommon trap: reason=class_check action=maybe_recompile pc=0x0000000002e15188 method=java.util.HashMap.putVal(ILjava/lang/Object;Ljava/lang/Object;ZZ)Ljava/lang/Object; @ 203
Event: 7.377 Thread 0x0000000002ac2800 Uncommon trap: reason=unstable_if action=reinterpret pc=0x0000000002ea3b3c method=java.io.WinNTFileSystem.normalize(Ljava/lang/String;)Ljava/lang/String; @ 128
Event: 7.377 Thread 0x0000000002ac2800 Uncommon trap: reason=unstable_if action=reinterpret pc=0x0000000002f5baa8 method=java.io.WinNTFileSystem.normalize(Ljava/lang/String;II)Ljava/lang/String; @ 90
Event: 9.510 Thread 0x000000001786a000 Uncommon trap: reason=unstable_if action=reinterpret pc=0x0000000002fd10bc method=java.util.concurrent.ConcurrentHashMap.putVal(Ljava/lang/Object;Ljava/lang/Object;Z)Ljava/lang/Object; @ 206
Event: 9.615 Thread 0x0000000016428800 Uncommon trap: reason=bimorphic action=maybe_recompile pc=0x0000000002e15140 method=java.util.HashMap.putVal(ILjava/lang/Object;Ljava/lang/Object;ZZ)Ljava/lang/Object; @ 253
Event: 9.616 Thread 0x0000000016428800 Uncommon trap: reason=bimorphic action=maybe_recompile pc=0x0000000002e15140 method=java.util.HashMap.putVal(ILjava/lang/Object;Ljava/lang/Object;ZZ)Ljava/lang/Object; @ 253
Event: 9.616 Thread 0x0000000016428800 Uncommon trap: reason=bimorphic action=maybe_recompile pc=0x0000000002e15140 method=java.util.HashMap.putVal(ILjava/lang/Object;Ljava/lang/Object;ZZ)Ljava/lang/Object; @ 253
Event: 9.616 Thread 0x0000000016428800 Uncommon trap: reason=bimorphic action=maybe_recompile pc=0x0000000002e15140 method=java.util.HashMap.putVal(ILjava/lang/Object;Ljava/lang/Object;ZZ)Ljava/lang/Object; @ 253
Event: 9.617 Thread 0x0000000016428800 Uncommon trap: reason=bimorphic action=maybe_recompile pc=0x0000000002e1d904 method=java.util.HashMap.putVal(ILjava/lang/Object;Ljava/lang/Object;ZZ)Ljava/lang/Object; @ 253

Classes redefined (0 events):
No events

Internal exceptions (10 events):
Event: 2.840 Thread 0x0000000002ac2800 Exception <a 'java/lang/ArrayIndexOutOfBoundsException'> (0x00000000f6c1f0c0) thrown at [C:\re\workspace\8-2-build-windows-amd64-cygwin\jdk8u221\13320\hotspot\src\share\vm\runtime\sharedRuntime.cpp, line 605]
Event: 7.395 Thread 0x0000000002ac2800 Exception <a 'sun/nio/fs/WindowsException'> (0x00000000f6f76bd0) thrown at [C:\re\workspace\8-2-build-windows-amd64-cygwin\jdk8u221\13320\hotspot\src\share\vm\prims\jni.cpp, line 710]
Event: 8.903 Thread 0x0000000002ac2800 Exception <a 'java/io/IOException'> (0x00000000f7252558) thrown at [C:\re\workspace\8-2-build-windows-amd64-cygwin\jdk8u221\13320\hotspot\src\share\vm\prims\jni.cpp, line 710]
Event: 9.511 Thread 0x000000001786a000 Exception <a 'java/lang/NoSuchMethodError': <clinit>> (0x00000000f75107e0) thrown at [C:\re\workspace\8-2-build-windows-amd64-cygwin\jdk8u221\13320\hotspot\src\share\vm\prims\jni.cpp, line 1614]
Event: 9.513 Thread 0x000000001786a000 Exception <a 'java/lang/NoSuchMethodError': <clinit>> (0x00000000f751a450) thrown at [C:\re\workspace\8-2-build-windows-amd64-cygwin\jdk8u221\13320\hotspot\src\share\vm\prims\jni.cpp, line 1614]
Event: 9.516 Thread 0x000000001786a000 Exception <a 'java/lang/NoSuchMethodError': <clinit>> (0x00000000f752ed88) thrown at [C:\re\workspace\8-2-build-windows-amd64-cygwin\jdk8u221\13320\hotspot\src\share\vm\prims\jni.cpp, line 1614]
Event: 9.535 Thread 0x000000001786a000 Exception <a 'java/lang/NoSuchMethodError': <clinit>> (0x00000000f7592f28) thrown at [C:\re\workspace\8-2-build-windows-amd64-cygwin\jdk8u221\13320\hotspot\src\share\vm\prims\jni.cpp, line 1614]
Event: 9.549 Thread 0x000000001786a000 Exception <a 'java/lang/NoSuchMethodError': <clinit>> (0x00000000f75cbb50) thrown at [C:\re\workspace\8-2-build-windows-amd64-cygwin\jdk8u221\13320\hotspot\src\share\vm\prims\jni.cpp, line 1614]
Event: 9.557 Thread 0x000000001786a000 Exception <a 'java/lang/NoSuchMethodError': <clinit>> (0x00000000f7601f88) thrown at [C:\re\workspace\8-2-build-windows-amd64-cygwin\jdk8u221\13320\hotspot\src\share\vm\prims\jni.cpp, line 1614]
Event: 9.558 Thread 0x000000001786a000 Exception <a 'java/lang/NoSuchMethodError': <clinit>> (0x00000000f760e508) thrown at [C:\re\workspace\8-2-build-windows-amd64-cygwin\jdk8u221\13320\hotspot\src\share\vm\prims\jni.cpp, line 1614]

Events (10 events):
Event: 9.832 loading class org/gradle/vcs/internal/resolver/PersistentVcsMetadataCache
Event: 9.832 loading class org/gradle/vcs/internal/resolver/PersistentVcsMetadataCache done
Event: 9.833 loading class org/gradle/internal/typeconversion/NotationParser
Event: 9.833 loading class org/gradle/internal/typeconversion/NotationParser done
Event: 9.834 loading class org/gradle/api/artifacts/ModuleIdentifier
Event: 9.834 loading class org/gradle/api/artifacts/ModuleIdentifier done
Event: 9.835 loading class org/gradle/language/java/internal/JavaToolChainServiceRegistry$BuildSessionScopeCompileServices
Event: 9.835 loading class org/gradle/language/java/internal/JavaToolChainServiceRegistry$BuildSessionScopeCompileServices done
Event: 9.836 loading class javax/tools/JavaCompiler
Event: 9.836 loading class javax/tools/Tool


Dynamic libraries:
0x00007ff6eda60000 - 0x00007ff6eda97000 	C:\Program Files\Java\jdk1.8.0_221\bin\java.exe
0x00007ffa89be0000 - 0x00007ffa89dcd000 	C:\WINDOWS\SYSTEM32\ntdll.dll
0x00007ffa639b0000 - 0x00007ffa63a21000 	C:\WINDOWS\System32\verifier.dll
0x00007ffa442b0000 - 0x00007ffa443a4000 	C:\WINDOWS\SYSTEM32\PayloadRestrictions.dll
0x00007ffa86680000 - 0x00007ffa8677a000 	C:\WINDOWS\System32\ucrtbase.dll
0x00007ffa86a60000 - 0x00007ffa86cf5000 	C:\WINDOWS\System32\kernelbase.dll
0x00007ffa89af0000 - 0x00007ffa89ba3000 	C:\WINDOWS\System32\kernel32.dll
0x0000000066220000 - 0x00000000662b3000 	C:\WINDOWS\System32\SYSFER.DLL
0x00007ffa89870000 - 0x00007ffa89913000 	C:\WINDOWS\System32\ADVAPI32.dll
0x00007ffa878e0000 - 0x00007ffa8797e000 	C:\WINDOWS\System32\msvcrt.dll
0x00007ffa892c0000 - 0x00007ffa8935e000 	C:\WINDOWS\System32\sechost.dll
0x00007ffa87400000 - 0x00007ffa87522000 	C:\WINDOWS\System32\RPCRT4.dll
0x00007ffa89950000 - 0x00007ffa89ae7000 	C:\WINDOWS\System32\USER32.dll
0x00007ffa85f10000 - 0x00007ffa85f30000 	C:\WINDOWS\System32\win32u.dll
0x00007ffa87980000 - 0x00007ffa879a9000 	C:\WINDOWS\System32\GDI32.dll
0x00007ffa85d50000 - 0x00007ffa85eea000 	C:\WINDOWS\System32\gdi32full.dll
0x00007ffa86d60000 - 0x00007ffa86e00000 	C:\WINDOWS\System32\msvcp_win.dll
0x00007ffa6fbf0000 - 0x00007ffa6fe69000 	C:\WINDOWS\WinSxS\amd64_microsoft.windows.common-controls_6595b64144ccf1df_6.0.17763.1282_none_de75b6f253473c0f\COMCTL32.dll
0x00007ffa870d0000 - 0x00007ffa873fc000 	C:\WINDOWS\System32\combase.dll
0x00007ffa85ca0000 - 0x00007ffa85d1e000 	C:\WINDOWS\System32\bcryptPrimitives.dll
0x00007ffa89920000 - 0x00007ffa8994e000 	C:\WINDOWS\System32\IMM32.DLL
0x00007ffa848d0000 - 0x00007ffa849f1000 	C:\Program Files\Avecto\Privilege Guard Client\PGHook.dll
0x00007ffa87c00000 - 0x00007ffa890f8000 	C:\WINDOWS\System32\shell32.dll
0x00007ffa86830000 - 0x00007ffa8687a000 	C:\WINDOWS\System32\cfgmgr32.dll
0x00007ffa879b0000 - 0x00007ffa87a58000 	C:\WINDOWS\System32\shcore.dll
0x00007ffa85f30000 - 0x00007ffa8667f000 	C:\WINDOWS\System32\windows.storage.dll
0x00007ffa85c70000 - 0x00007ffa85c94000 	C:\WINDOWS\System32\profapi.dll
0x00007ffa85c10000 - 0x00007ffa85c6d000 	C:\WINDOWS\System32\powrprof.dll
0x00007ffa89200000 - 0x00007ffa89252000 	C:\WINDOWS\System32\shlwapi.dll
0x00007ffa85bd0000 - 0x00007ffa85be1000 	C:\WINDOWS\System32\kernel.appcore.dll
0x00007ffa85ef0000 - 0x00007ffa85f07000 	C:\WINDOWS\System32\cryptsp.dll
0x00007ffa84d10000 - 0x00007ffa84d43000 	C:\WINDOWS\system32\rsaenh.dll
0x00007ffa85d20000 - 0x00007ffa85d46000 	C:\WINDOWS\System32\bcrypt.dll
0x00007ffa85560000 - 0x00007ffa8556c000 	C:\WINDOWS\SYSTEM32\CRYPTBASE.dll
0x00000000644c0000 - 0x0000000064592000 	C:\Program Files\Java\jdk1.8.0_221\jre\bin\msvcr100.dll
0x00000000622d0000 - 0x0000000062b75000 	C:\Program Files\Java\jdk1.8.0_221\jre\bin\server\jvm.dll
0x00007ffa897e0000 - 0x00007ffa897e8000 	C:\WINDOWS\System32\PSAPI.DLL
0x00007ffa72410000 - 0x00007ffa72419000 	C:\WINDOWS\SYSTEM32\WSOCK32.dll
0x00007ffa87a60000 - 0x00007ffa87acd000 	C:\WINDOWS\System32\WS2_32.dll
0x00007ffa7bc80000 - 0x00007ffa7bca4000 	C:\WINDOWS\SYSTEM32\WINMM.dll
0x00007ffa72400000 - 0x00007ffa7240a000 	C:\WINDOWS\SYSTEM32\VERSION.dll
0x00007ffa7bc50000 - 0x00007ffa7bc7d000 	C:\WINDOWS\SYSTEM32\WINMMBASE.dll
0x00007ffa750f0000 - 0x00007ffa750ff000 	C:\Program Files\Java\jdk1.8.0_221\jre\bin\verify.dll
0x00007ffa6f940000 - 0x00007ffa6f969000 	C:\Program Files\Java\jdk1.8.0_221\jre\bin\java.dll
0x00007ffa6f8f0000 - 0x00007ffa6f906000 	C:\Program Files\Java\jdk1.8.0_221\jre\bin\zip.dll
0x00007ffa6d080000 - 0x00007ffa6d09a000 	C:\Program Files\Java\jdk1.8.0_221\jre\bin\net.dll
0x00007ffa72040000 - 0x00007ffa72217000 	C:\WINDOWS\SYSTEM32\urlmon.dll
0x00007ffa72820000 - 0x00007ffa72ac8000 	C:\WINDOWS\SYSTEM32\iertutil.dll
0x00007ffa853e0000 - 0x00007ffa85447000 	C:\WINDOWS\system32\mswsock.dll
0x00007ffa6eca0000 - 0x00007ffa6ecb6000 	C:\WINDOWS\system32\napinsp.dll
0x00007ffa6ec80000 - 0x00007ffa6ec9a000 	C:\WINDOWS\system32\pnrpnsp.dll
0x00007ffa85160000 - 0x00007ffa85227000 	C:\WINDOWS\SYSTEM32\DNSAPI.dll
0x00007ffa891f0000 - 0x00007ffa891f8000 	C:\WINDOWS\System32\NSI.dll
0x00007ffa85110000 - 0x00007ffa8514d000 	C:\WINDOWS\SYSTEM32\IPHLPAPI.DLL
0x00007ffa6f030000 - 0x00007ffa6f03e000 	C:\WINDOWS\System32\winrnr.dll
0x00007ffa7ea30000 - 0x00007ffa7ea4b000 	C:\WINDOWS\system32\NLAapi.dll
0x00007ffa77620000 - 0x00007ffa77635000 	C:\WINDOWS\system32\wshbth.dll
0x00007ffa70080000 - 0x00007ffa7008a000 	C:\Windows\System32\rasadhlp.dll
0x00007ffa7b3a0000 - 0x00007ffa7b419000 	C:\WINDOWS\System32\fwpuclnt.dll
0x00007ffa741d0000 - 0x00007ffa741dd000 	C:\Program Files\Java\jdk1.8.0_221\jre\bin\management.dll
0x00007ffa638d0000 - 0x00007ffa638e2000 	C:\Program Files\Java\jdk1.8.0_221\jre\bin\nio.dll
0x00007ffa727f0000 - 0x00007ffa72817000 	C:\Users\Kaushal.Kumar1\.gradle\native\481b90ef2c2b5ab96622bab5346fdaaafe5c91895d4d4de1c4fe4b2e89a8011f\windows-amd64\native-platform.dll
0x00007ffa85b00000 - 0x00007ffa85b28000 	C:\WINDOWS\SYSTEM32\USERENV.dll
0x00007ffa776a0000 - 0x00007ffa776b6000 	C:\WINDOWS\SYSTEM32\dhcpcsvc6.DLL
0x00007ffa77ec0000 - 0x00007ffa77edc000 	C:\WINDOWS\SYSTEM32\dhcpcsvc.DLL
0x00007ffa7c220000 - 0x00007ffa7c22b000 	C:\WINDOWS\SYSTEM32\WINNSI.DLL

VM Arguments:
jvm_args: -XX:MaxMetaspaceSize=256m -XX:+HeapDumpOnOutOfMemoryError -Xms256m -Xmx512m -Dfile.encoding=windows-1252 -Duser.country=IN -Duser.language=en -Duser.variant 
java_command: org.gradle.launcher.daemon.bootstrap.GradleDaemon 6.4.1
java_class_path (initial): C:\Users\Kaushal.Kumar1\.gradle\wrapper\dists\gradle-6.4.1-bin\33549z180oh3o1s64iwo25l48\gradle-6.4.1\lib\gradle-launcher-6.4.1.jar
Launcher Type: SUN_STANDARD

Environment Variables:
JAVA_HOME=C:\Program Files\Java\jdk1.8.0_221
PATH=C:\WINDOWS\system32;C:\WINDOWS;C:\WINDOWS\System32\Wbem;C:\WINDOWS\System32\WindowsPowerShell\v1.0\;C:\WINDOWS\System32\OpenSSH\;C:\TA\apache-ant-1.8.2\apache-ant-1.8.2\bin;C:\Program Files\Microsoft SQL Server\Client SDK\ODBC\130\Tools\Binn\;C:\Program Files (x86)\Microsoft SQL Server\140\Tools\Binn\;C:\Program Files\Microsoft SQL Server\140\Tools\Binn\;C:\Program Files\Microsoft SQL Server\140\DTS\Binn\;C:\Program Files\Microsoft SQL Server\Client SDK\ODBC\110\Tools\Binn\;C:\Program Files (x86)\Microsoft SQL Server\120\Tools\Binn\;C:\Program Files\Microsoft SQL Server\120\Tools\Binn\;C:\Program Files\Microsoft SQL Server\120\DTS\Binn\;C:\Program Files (x86)\Microsoft SQL Server\120\Tools\Binn\ManagementStudio\;C:\Program Files (x86)\Microsoft SQL Server\120\DTS\Binn\;C:\Program Files\TortoiseSVN\bin;C:\Program Files\Java\jdk1.8.0_221\bin;%M2%;C:\Program Files\MySQL\MySQL Server 8.0\bin;C:\Program Files (x86)\Common Files\Hitachi ID\;C:\Program Files\Common Files\Hitachi ID\;C:\Program Files\TortoiseGit\bin;C:\Program Files\SourceGear\Common\DiffMerge\;C:\Program Files (x86)\Riverbed\Steelhead Mobile\;C:\Program Files\1E\Client\Extensibility\NomadBranch;C:\Program Files\MySQL\MySQL Shell 8.0\bin\;C:\Users\Kaushal.Kumar1\AppData\Local\Microsoft\WindowsApps;C:\Program Files\Java\jdk1.8.0_221\bin;C:\kaushal\new_workspace10032020\apache-maven-3.6.3-bin\apache-maven-3.6.3\bin;C:\kaushal\new_workspace10032020\Git\cmd
USERNAME=Kaushal.Kumar1
OS=Windows_NT
PROCESSOR_IDENTIFIER=Intel64 Family 6 Model 142 Stepping 10, GenuineIntel



---------------  S Y S T E M  ---------------

OS: Windows 10.0 , 64 bit Build 17763 (10.0.17763.1158)

CPU:total 8 (initial active 8) (4 cores per cpu, 2 threads per core) family 6 model 142 stepping 10, cmov, cx8, fxsr, mmx, sse, sse2, sse3, ssse3, sse4.1, sse4.2, popcnt, avx, avx2, aes, clmul, erms, rtm, 3dnowpref, lzcnt, ht, tsc, tscinvbit, bmi1, bmi2, adx

Memory: 4k page, physical 8228040k(220468k free), swap 33393864k(328k free)

vm_info: Java HotSpot(TM) 64-Bit Server VM (25.221-b11) for windows-amd64 JRE (1.8.0_221-b11), built on Jul  4 2019 04:39:29 by "java_re" with MS VC++ 10.0 (VS2010)

time: Sat Aug 08 16:13:15 2020
timezone: India Standard Time
elapsed time: 9 seconds (0d 0h 0m 9s)

